------------------------------------------------------------------------------------------------------------------------

[2025-04-01 14:06:09 #1 store] 
Database 'C:\Users\pc\git\Rides\Rides24\src\main\resources\rides.temp' is opened by 24160@DESKTOP-58BBQEM

[2025-04-01 14:06:09 #2 type.registry] 
New type domain.Driver

[2025-04-01 14:06:09 #3 type] 
Type domain.Driver is not enhanced.

[2025-04-01 14:06:09 #4 type.registry] 
New type domain.Ride

[2025-04-01 14:06:09 #5 type] 
Type domain.Ride is not enhanced.

[2025-04-01 14:06:09 #6 type.registry] 
New type domain.Passenger

[2025-04-01 14:06:09 #7 type.registry] 
New type domain.Passenger[]

[2025-04-01 14:06:09 #8 type] 
Type domain.Passenger is not enhanced.

[2025-04-01 14:06:09 #9 type.registry] 
New type domain.Tarjeta

[2025-04-01 14:06:09 #10 type.registry] 
New type java.lang.String[]

[2025-04-01 14:06:09 #11 type.registry] 
New type java.util.Vector<java.lang.Object>

[2025-04-01 14:06:09 #12 type.registry] 
New type java.util.Vector<domain.Ride>

[2025-04-01 14:06:18 #13 type.registry] 
New type domain.Credentials

[2025-04-01 14:06:18 #14 type] 
Type domain.Credentials is not enhanced.

------------------------------------------------------------------------------------------------------------------------

[2025-04-01 14:11:17 #1 store] 
Database 'C:\Users\pc\git\Rides\Rides24\src\main\resources\rides.temp' is opened by 24196@DESKTOP-58BBQEM

[2025-04-01 14:11:18 #2 type.registry] 
New type domain.Driver

[2025-04-01 14:11:18 #3 type] 
Type domain.Driver is not enhanced.

[2025-04-01 14:11:18 #4 type.registry] 
New type domain.Ride

[2025-04-01 14:11:18 #5 type] 
Type domain.Ride is not enhanced.

[2025-04-01 14:11:18 #6 type.registry] 
New type domain.Passenger

[2025-04-01 14:11:18 #7 type.registry] 
New type domain.Passenger[]

[2025-04-01 14:11:18 #8 type] 
Type domain.Passenger is not enhanced.

[2025-04-01 14:11:18 #9 type.registry] 
New type domain.Tarjeta

[2025-04-01 14:11:18 #10 type.registry] 
New type java.lang.String[]

[2025-04-01 14:11:18 #11 type.registry] 
New type java.util.Vector<java.lang.Object>

[2025-04-01 14:11:18 #12 type.registry] 
New type java.util.Vector<domain.Ride>

[2025-04-01 14:11:34 #13 type.registry] 
New type domain.Credentials

[2025-04-01 14:11:34 #14 type] 
Type domain.Credentials is not enhanced.

------------------------------------------------------------------------------------------------------------------------

[2025-04-01 14:20:31 #1 store] 
Database 'C:\Users\pc\git\Rides\Rides24\src\main\resources\rides.temp' is opened by 9268@DESKTOP-58BBQEM

[2025-04-01 14:20:32 #2 type.registry] 
New type domain.Driver

[2025-04-01 14:20:32 #3 type] 
Type domain.Driver is not enhanced.

[2025-04-01 14:20:32 #4 type.registry] 
New type domain.Ride

[2025-04-01 14:20:32 #5 type] 
Type domain.Ride is not enhanced.

[2025-04-01 14:20:32 #6 type.registry] 
New type domain.Passenger

[2025-04-01 14:20:32 #7 type.registry] 
New type domain.Passenger[]

[2025-04-01 14:20:32 #8 type] 
Type domain.Passenger is not enhanced.

[2025-04-01 14:20:32 #9 type.registry] 
New type domain.Tarjeta

[2025-04-01 14:20:32 #10 type.registry] 
New type java.lang.String[]

[2025-04-01 14:20:32 #11 type.registry] 
New type java.util.Vector<java.lang.Object>

[2025-04-01 14:20:32 #12 type.registry] 
New type java.util.Vector<domain.Ride>

[2025-04-01 14:20:45 #13 type.registry] 
New type domain.Credentials

[2025-04-01 14:20:45 #14 type] 
Type domain.Credentials is not enhanced.

------------------------------------------------------------------------------------------------------------------------

[2025-04-01 14:34:02 #1 store] 
Database 'C:\Users\pc\git\Rides\Rides24\src\main\resources\rides.temp' is opened by 24156@DESKTOP-58BBQEM

[2025-04-01 14:34:02 #2 type.registry] 
New type domain.Driver

[2025-04-01 14:34:02 #3 type] 
Type domain.Driver is not enhanced.

[2025-04-01 14:34:02 #4 type.registry] 
New type domain.Ride

[2025-04-01 14:34:02 #5 type] 
Type domain.Ride is not enhanced.

[2025-04-01 14:34:02 #6 type.registry] 
New type domain.Passenger

[2025-04-01 14:34:02 #7 type.registry] 
New type domain.Passenger[]

[2025-04-01 14:34:02 #8 type] 
Type domain.Passenger is not enhanced.

[2025-04-01 14:34:02 #9 type.registry] 
New type domain.Tarjeta

[2025-04-01 14:34:02 #10 type.registry] 
New type java.lang.String[]

[2025-04-01 14:34:02 #11 type.registry] 
New type java.util.Vector<java.lang.Object>

[2025-04-01 14:34:02 #12 type.registry] 
New type java.util.Vector<domain.Ride>

[2025-04-01 14:34:11 #13 type.registry] 
New type domain.Credentials

[2025-04-01 14:34:11 #14 type] 
Type domain.Credentials is not enhanced.

------------------------------------------------------------------------------------------------------------------------

[2025-04-01 14:36:59 #1 store] 
Database 'C:\Users\pc\git\Rides\Rides24\src\main\resources\rides.temp' is opened by 2472@DESKTOP-58BBQEM

[2025-04-01 14:36:59 #2 type.registry] 
New type domain.Driver

[2025-04-01 14:36:59 #3 type] 
Type domain.Driver is not enhanced.

[2025-04-01 14:36:59 #4 type.registry] 
New type domain.Ride

[2025-04-01 14:36:59 #5 type] 
Type domain.Ride is not enhanced.

[2025-04-01 14:36:59 #6 type.registry] 
New type domain.Passenger

[2025-04-01 14:36:59 #7 type.registry] 
New type domain.Passenger[]

[2025-04-01 14:36:59 #8 type] 
Type domain.Passenger is not enhanced.

[2025-04-01 14:36:59 #9 type.registry] 
New type domain.Tarjeta

[2025-04-01 14:36:59 #10 type.registry] 
New type java.lang.String[]

[2025-04-01 14:36:59 #11 type.registry] 
New type java.util.Vector<java.lang.Object>

[2025-04-01 14:36:59 #12 type.registry] 
New type java.util.Vector<domain.Ride>

[2025-04-01 14:37:07 #13 type.registry] 
New type domain.Credentials

[2025-04-01 14:37:07 #14 type] 
Type domain.Credentials is not enhanced.

------------------------------------------------------------------------------------------------------------------------

[2025-04-01 14:37:52 #1 store] 
Database 'C:\Users\pc\git\Rides\Rides24\src\main\resources\rides.temp' is opened by 15676@DESKTOP-58BBQEM

[2025-04-01 14:37:53 #2 type.registry] 
New type domain.Driver

[2025-04-01 14:37:53 #3 type] 
Type domain.Driver is not enhanced.

[2025-04-01 14:37:53 #4 type.registry] 
New type domain.Ride

[2025-04-01 14:37:53 #5 type] 
Type domain.Ride is not enhanced.

[2025-04-01 14:37:53 #6 type.registry] 
New type domain.Passenger

[2025-04-01 14:37:53 #7 type.registry] 
New type domain.Passenger[]

[2025-04-01 14:37:53 #8 type] 
Type domain.Passenger is not enhanced.

[2025-04-01 14:37:53 #9 type.registry] 
New type domain.Tarjeta

[2025-04-01 14:37:53 #10 type.registry] 
New type java.lang.String[]

[2025-04-01 14:37:53 #11 type.registry] 
New type java.util.Vector<java.lang.Object>

[2025-04-01 14:37:53 #12 type.registry] 
New type java.util.Vector<domain.Ride>

[2025-04-01 14:38:02 #13 type.registry] 
New type domain.Credentials

[2025-04-01 14:38:02 #14 type] 
Type domain.Credentials is not enhanced.

------------------------------------------------------------------------------------------------------------------------

[2025-04-01 14:40:28 #1 store] 
Database 'C:\Users\pc\git\Rides\Rides24\src\main\resources\rides.temp' is opened by 16036@DESKTOP-58BBQEM

[2025-04-01 14:40:29 #2 type.registry] 
New type domain.Driver

[2025-04-01 14:40:29 #3 type] 
Type domain.Driver is not enhanced.

[2025-04-01 14:40:29 #4 type.registry] 
New type domain.Ride

[2025-04-01 14:40:29 #5 type] 
Type domain.Ride is not enhanced.

[2025-04-01 14:40:29 #6 type.registry] 
New type domain.Passenger

[2025-04-01 14:40:29 #7 type.registry] 
New type domain.Passenger[]

[2025-04-01 14:40:29 #8 type] 
Type domain.Passenger is not enhanced.

[2025-04-01 14:40:29 #9 type.registry] 
New type domain.Tarjeta

[2025-04-01 14:40:29 #10 type.registry] 
New type java.lang.String[]

[2025-04-01 14:40:29 #11 type.registry] 
New type java.util.Vector<java.lang.Object>

[2025-04-01 14:40:29 #12 type.registry] 
New type java.util.Vector<domain.Ride>

[2025-04-01 14:40:39 #13 type.registry] 
New type domain.Credentials

[2025-04-01 14:40:39 #14 type] 
Type domain.Credentials is not enhanced.

------------------------------------------------------------------------------------------------------------------------

[2025-04-01 14:45:14 #1 store] 
Database 'C:\Users\pc\git\Rides\Rides24\src\main\resources\rides.temp' is opened by 7932@DESKTOP-58BBQEM

[2025-04-01 14:45:14 #2 type.registry] 
New type domain.Driver

[2025-04-01 14:45:14 #3 type] 
Type domain.Driver is not enhanced.

[2025-04-01 14:45:14 #4 type.registry] 
New type domain.Ride

[2025-04-01 14:45:14 #5 type] 
Type domain.Ride is not enhanced.

[2025-04-01 14:45:14 #6 type.registry] 
New type domain.Passenger

[2025-04-01 14:45:14 #7 type.registry] 
New type domain.Passenger[]

[2025-04-01 14:45:14 #8 type] 
Type domain.Passenger is not enhanced.

[2025-04-01 14:45:14 #9 type.registry] 
New type domain.Tarjeta

[2025-04-01 14:45:14 #10 type.registry] 
New type java.lang.String[]

[2025-04-01 14:45:14 #11 type.registry] 
New type java.util.Vector<java.lang.Object>

[2025-04-01 14:45:14 #12 type.registry] 
New type java.util.Vector<domain.Ride>

[2025-04-01 14:45:21 #13 type.registry] 
New type domain.Credentials

[2025-04-01 14:45:21 #14 type] 
Type domain.Credentials is not enhanced.

------------------------------------------------------------------------------------------------------------------------

[2025-04-01 15:12:41 #1 store] 
Database 'C:\Users\pc\git\Rides\Rides24\src\main\resources\rides.temp' is opened by 23484@DESKTOP-58BBQEM

[2025-04-01 15:12:41 #2 type.registry] 
New type domain.Driver

[2025-04-01 15:12:41 #3 type] 
Type domain.Driver is not enhanced.

[2025-04-01 15:12:41 #4 type.registry] 
New type domain.Ride

[2025-04-01 15:12:41 #5 type] 
Type domain.Ride is not enhanced.

[2025-04-01 15:12:41 #6 type.registry] 
New type domain.Passenger

[2025-04-01 15:12:41 #7 type.registry] 
New type domain.Passenger[]

[2025-04-01 15:12:41 #8 type] 
Type domain.Passenger is not enhanced.

[2025-04-01 15:12:41 #9 type.registry] 
New type domain.Tarjeta

[2025-04-01 15:12:41 #10 type.registry] 
New type java.lang.String[]

[2025-04-01 15:12:41 #11 type] 
Type domain.Tarjeta is not enhanced.

[2025-04-01 15:12:41 #12 type.registry] 
New type java.util.Vector<java.lang.Object>

[2025-04-01 15:12:41 #13 type.registry] 
New type java.util.Vector<domain.Ride>

[2025-04-01 15:12:47 #14 type.registry] 
New type domain.Credentials

[2025-04-01 15:12:47 #15 type] 
Type domain.Credentials is not enhanced.

------------------------------------------------------------------------------------------------------------------------

[2025-04-01 15:23:17 #1 store] 
Database 'C:\Users\pc\git\Rides\Rides24\src\main\resources\rides.temp' is opened by 25912@DESKTOP-58BBQEM

[2025-04-01 15:23:17 #2 type.registry] 
New type domain.Driver

[2025-04-01 15:23:17 #3 type] 
Type domain.Driver is not enhanced.

[2025-04-01 15:23:17 #4 type.registry] 
New type domain.Ride

[2025-04-01 15:23:17 #5 type] 
Type domain.Ride is not enhanced.

[2025-04-01 15:23:17 #6 type.registry] 
New type domain.Passenger

[2025-04-01 15:23:17 #7 type.registry] 
New type domain.Passenger[]

[2025-04-01 15:23:17 #8 type] 
Type domain.Passenger is not enhanced.

[2025-04-01 15:23:17 #9 type.registry] 
New type domain.Tarjeta

[2025-04-01 15:23:17 #10 type.registry] 
New type java.lang.String[]

[2025-04-01 15:23:17 #11 type] 
Type domain.Tarjeta is not enhanced.

[2025-04-01 15:23:17 #12 type.registry] 
New type java.util.Vector<java.lang.Object>

[2025-04-01 15:23:17 #13 type.registry] 
New type java.util.Vector<domain.Ride>

[2025-04-01 15:23:23 #14 type.registry] 
New type domain.Credentials

[2025-04-01 15:23:23 #15 type] 
Type domain.Credentials is not enhanced.

------------------------------------------------------------------------------------------------------------------------

[2025-04-01 15:26:39 #1 store] 
Database 'C:\Users\pc\git\Rides\Rides24\src\main\resources\rides.temp' is opened by 7912@DESKTOP-58BBQEM

[2025-04-01 15:26:40 #2 type.registry] 
New type domain.Driver

[2025-04-01 15:26:40 #3 type] 
Type domain.Driver is not enhanced.

[2025-04-01 15:26:40 #4 type.registry] 
New type domain.Ride

[2025-04-01 15:26:40 #5 type] 
Type domain.Ride is not enhanced.

[2025-04-01 15:26:40 #6 type.registry] 
New type domain.Passenger

[2025-04-01 15:26:40 #7 type.registry] 
New type domain.Passenger[]

[2025-04-01 15:26:40 #8 type] 
Type domain.Passenger is not enhanced.

[2025-04-01 15:26:40 #9 type.registry] 
New type domain.Tarjeta

[2025-04-01 15:26:40 #10 type.registry] 
New type java.lang.String[]

[2025-04-01 15:26:40 #11 type] 
Type domain.Tarjeta is not enhanced.

[2025-04-01 15:26:40 #12 type.registry] 
New type java.util.Vector<java.lang.Object>

[2025-04-01 15:26:40 #13 type.registry] 
New type java.util.Vector<domain.Ride>

[2025-04-01 15:26:46 #14 type.registry] 
New type domain.Credentials

[2025-04-01 15:26:46 #15 type] 
Type domain.Credentials is not enhanced.

------------------------------------------------------------------------------------------------------------------------

[2025-04-01 15:28:56 #1 store] 
Database 'C:\Users\pc\git\Rides\Rides24\src\main\resources\rides.temp' is opened by 5680@DESKTOP-58BBQEM

[2025-04-01 15:28:56 #2 type.registry] 
New type domain.Driver

[2025-04-01 15:28:56 #3 type] 
Type domain.Driver is not enhanced.

[2025-04-01 15:28:56 #4 type.registry] 
New type domain.Ride

[2025-04-01 15:28:56 #5 type] 
Type domain.Ride is not enhanced.

[2025-04-01 15:28:56 #6 type.registry] 
New type domain.Passenger

[2025-04-01 15:28:56 #7 type.registry] 
New type domain.Passenger[]

[2025-04-01 15:28:56 #8 type] 
Type domain.Passenger is not enhanced.

[2025-04-01 15:28:56 #9 type.registry] 
New type domain.Tarjeta

[2025-04-01 15:28:56 #10 type.registry] 
New type java.lang.String[]

[2025-04-01 15:28:56 #11 type] 
Type domain.Tarjeta is not enhanced.

[2025-04-01 15:28:56 #12 type.registry] 
New type java.util.Vector<java.lang.Object>

[2025-04-01 15:28:56 #13 type.registry] 
New type java.util.Vector<domain.Ride>

[2025-04-01 15:29:02 #14 type.registry] 
New type domain.Credentials

[2025-04-01 15:29:02 #15 type] 
Type domain.Credentials is not enhanced.

------------------------------------------------------------------------------------------------------------------------

[2025-04-01 15:31:01 #1 store] 
Database 'C:\Users\pc\git\Rides\Rides24\src\main\resources\rides.temp' is opened by 21468@DESKTOP-58BBQEM

[2025-04-01 15:31:01 #2 type.registry] 
New type domain.Driver

[2025-04-01 15:31:01 #3 type] 
Type domain.Driver is not enhanced.

[2025-04-01 15:31:01 #4 type.registry] 
New type domain.Ride

[2025-04-01 15:31:01 #5 type] 
Type domain.Ride is not enhanced.

[2025-04-01 15:31:01 #6 type.registry] 
New type domain.Passenger

[2025-04-01 15:31:01 #7 type.registry] 
New type domain.Passenger[]

[2025-04-01 15:31:01 #8 type] 
Type domain.Passenger is not enhanced.

[2025-04-01 15:31:01 #9 type.registry] 
New type domain.Tarjeta

[2025-04-01 15:31:01 #10 type.registry] 
New type java.lang.String[]

[2025-04-01 15:31:01 #11 type] 
Type domain.Tarjeta is not enhanced.

[2025-04-01 15:31:01 #12 type.registry] 
New type java.util.Vector<java.lang.Object>

[2025-04-01 15:31:01 #13 type.registry] 
New type java.util.Vector<domain.Ride>

[2025-04-01 15:31:05 #14 type.registry] 
New type domain.Credentials

[2025-04-01 15:31:05 #15 type] 
Type domain.Credentials is not enhanced.

------------------------------------------------------------------------------------------------------------------------

[2025-04-01 17:19:56 #1 store] 
Database 'C:\Users\pc\git\Rides\Rides24\src\main\resources\rides.temp' is opened by 16644@DESKTOP-58BBQEM

[2025-04-01 17:19:56 #2 type.registry] 
New type domain.Driver

[2025-04-01 17:19:56 #3 type] 
Type domain.Driver is not enhanced.

[2025-04-01 17:19:56 #4 type.registry] 
New type domain.Ride

[2025-04-01 17:19:56 #5 type] 
Type domain.Ride is not enhanced.

[2025-04-01 17:19:56 #6 type.registry] 
New type domain.Passenger

[2025-04-01 17:19:56 #7 type.registry] 
New type domain.Passenger[]

[2025-04-01 17:19:56 #8 type] 
Type domain.Passenger is not enhanced.

[2025-04-01 17:19:56 #9 type.registry] 
New type domain.Tarjeta

[2025-04-01 17:19:56 #10 type.registry] 
New type java.lang.String[]

[2025-04-01 17:19:56 #11 type] 
Type domain.Tarjeta is not enhanced.

[2025-04-01 17:19:56 #12 type.registry] 
New type java.util.Vector<java.lang.Object>

[2025-04-01 17:19:56 #13 type.registry] 
New type java.util.Vector<domain.Ride>

[2025-04-01 17:20:02 #14 type.registry] 
New type domain.Credentials

[2025-04-01 17:20:02 #15 type] 
Type domain.Credentials is not enhanced.

------------------------------------------------------------------------------------------------------------------------

[2025-04-01 17:23:38 #1 store] 
Database 'C:\Users\pc\git\Rides\Rides24\src\main\resources\rides.temp' is opened by 3088@DESKTOP-58BBQEM

[2025-04-01 17:23:38 #2 type.registry] 
New type domain.Driver

[2025-04-01 17:23:38 #3 type] 
Type domain.Driver is not enhanced.

[2025-04-01 17:23:38 #4 type.registry] 
New type domain.Ride

[2025-04-01 17:23:38 #5 type] 
Type domain.Ride is not enhanced.

[2025-04-01 17:23:38 #6 type.registry] 
New type domain.Passenger

[2025-04-01 17:23:38 #7 type.registry] 
New type domain.Passenger[]

[2025-04-01 17:23:38 #8 type] 
Type domain.Passenger is not enhanced.

[2025-04-01 17:23:38 #9 type.registry] 
New type domain.Tarjeta

[2025-04-01 17:23:38 #10 type.registry] 
New type java.lang.String[]

[2025-04-01 17:23:38 #11 type] 
Type domain.Tarjeta is not enhanced.

[2025-04-01 17:23:38 #12 type.registry] 
New type java.util.Vector<java.lang.Object>

[2025-04-01 17:23:38 #13 type.registry] 
New type java.util.Vector<domain.Ride>

[2025-04-01 17:23:45 #14 type.registry] 
New type domain.Credentials

[2025-04-01 17:23:45 #15 type] 
Type domain.Credentials is not enhanced.

------------------------------------------------------------------------------------------------------------------------

[2025-04-01 17:31:18 #1 store] 
Database 'C:\Users\pc\git\Rides\Rides24\src\main\resources\rides.temp' is opened by 5972@DESKTOP-58BBQEM

[2025-04-01 17:31:19 #2 type.registry] 
New type domain.Driver

[2025-04-01 17:31:19 #3 type] 
Type domain.Driver is not enhanced.

[2025-04-01 17:31:19 #4 type.registry] 
New type domain.Ride

[2025-04-01 17:31:19 #5 type] 
Type domain.Ride is not enhanced.

[2025-04-01 17:31:19 #6 type.registry] 
New type domain.Passenger

[2025-04-01 17:31:19 #7 type.registry] 
New type domain.Passenger[]

[2025-04-01 17:31:19 #8 type] 
Type domain.Passenger is not enhanced.

[2025-04-01 17:31:19 #9 type.registry] 
New type domain.Tarjeta

[2025-04-01 17:31:19 #10 type.registry] 
New type java.lang.String[]

[2025-04-01 17:31:19 #11 type] 
Type domain.Tarjeta is not enhanced.

[2025-04-01 17:31:19 #12 type.registry] 
New type java.util.Vector<java.lang.Object>

[2025-04-01 17:31:19 #13 type.registry] 
New type java.util.Vector<domain.Ride>

[2025-04-01 17:31:25 #14 type.registry] 
New type domain.Credentials

[2025-04-01 17:31:25 #15 type] 
Type domain.Credentials is not enhanced.

------------------------------------------------------------------------------------------------------------------------

[2025-04-01 17:34:34 #1 store] 
Database 'C:\Users\pc\git\Rides\Rides24\src\main\resources\rides.temp' is opened by 23224@DESKTOP-58BBQEM

[2025-04-01 17:34:34 #2 type.registry] 
New type domain.Driver

[2025-04-01 17:34:34 #3 type] 
Type domain.Driver is not enhanced.

[2025-04-01 17:34:34 #4 type.registry] 
New type domain.Ride

[2025-04-01 17:34:34 #5 type] 
Type domain.Ride is not enhanced.

[2025-04-01 17:34:34 #6 type.registry] 
New type domain.Passenger

[2025-04-01 17:34:34 #7 type.registry] 
New type domain.Passenger[]

[2025-04-01 17:34:34 #8 type] 
Type domain.Passenger is not enhanced.

[2025-04-01 17:34:34 #9 type.registry] 
New type domain.Tarjeta

[2025-04-01 17:34:34 #10 type.registry] 
New type java.lang.String[]

[2025-04-01 17:34:34 #11 type] 
Type domain.Tarjeta is not enhanced.

[2025-04-01 17:34:34 #12 type.registry] 
New type java.util.Vector<java.lang.Object>

[2025-04-01 17:34:34 #13 type.registry] 
New type java.util.Vector<domain.Ride>

[2025-04-01 17:34:40 #14 type.registry] 
New type domain.Credentials

[2025-04-01 17:34:40 #15 type] 
Type domain.Credentials is not enhanced.

------------------------------------------------------------------------------------------------------------------------

[2025-04-01 17:40:55 #1 store] 
Database 'C:\Users\pc\git\Rides\Rides24\src\main\resources\rides.temp' is opened by 22436@DESKTOP-58BBQEM

[2025-04-01 17:40:56 #2 type.registry] 
New type domain.Driver

[2025-04-01 17:40:56 #3 type] 
Type domain.Driver is not enhanced.

[2025-04-01 17:40:56 #4 type.registry] 
New type domain.Ride

[2025-04-01 17:40:56 #5 type] 
Type domain.Ride is not enhanced.

[2025-04-01 17:40:56 #6 type.registry] 
New type domain.Passenger

[2025-04-01 17:40:56 #7 type.registry] 
New type domain.Passenger[]

[2025-04-01 17:40:56 #8 type] 
Type domain.Passenger is not enhanced.

[2025-04-01 17:40:56 #9 type.registry] 
New type domain.Tarjeta

[2025-04-01 17:40:56 #10 type.registry] 
New type java.lang.String[]

[2025-04-01 17:40:56 #11 type] 
Type domain.Tarjeta is not enhanced.

[2025-04-01 17:40:56 #12 type.registry] 
New type java.util.Vector<java.lang.Object>

[2025-04-01 17:40:56 #13 type.registry] 
New type java.util.Vector<domain.Ride>

------------------------------------------------------------------------------------------------------------------------

[2025-04-01 17:42:25 #1 store] 
Database 'C:\Users\pc\git\Rides\Rides24\src\main\resources\rides.temp' is opened by 23576@DESKTOP-58BBQEM

[2025-04-01 17:42:25 #2 type.registry] 
New type domain.Driver

[2025-04-01 17:42:25 #3 type] 
Type domain.Driver is not enhanced.

[2025-04-01 17:42:25 #4 type.registry] 
New type domain.Ride

[2025-04-01 17:42:25 #5 type] 
Type domain.Ride is not enhanced.

[2025-04-01 17:42:25 #6 type.registry] 
New type domain.Passenger

[2025-04-01 17:42:25 #7 type.registry] 
New type domain.Passenger[]

[2025-04-01 17:42:25 #8 type] 
Type domain.Passenger is not enhanced.

[2025-04-01 17:42:25 #9 type.registry] 
New type domain.Tarjeta

[2025-04-01 17:42:25 #10 type.registry] 
New type java.lang.String[]

[2025-04-01 17:42:25 #11 type] 
Type domain.Tarjeta is not enhanced.

[2025-04-01 17:42:25 #12 type.registry] 
New type java.util.Vector<java.lang.Object>

[2025-04-01 17:42:25 #13 type.registry] 
New type java.util.Vector<domain.Ride>

[2025-04-01 17:42:29 #14 type.registry] 
New type domain.Credentials

[2025-04-01 17:42:29 #15 type] 
Type domain.Credentials is not enhanced.

------------------------------------------------------------------------------------------------------------------------

[2025-04-01 17:49:18 #1 store] 
Database 'C:\Users\pc\git\Rides\Rides24\src\main\resources\rides.temp' is opened by 8428@DESKTOP-58BBQEM

[2025-04-01 17:49:18 #2 type.registry] 
New type domain.Driver

[2025-04-01 17:49:18 #3 type] 
Type domain.Driver is not enhanced.

[2025-04-01 17:49:18 #4 type.registry] 
New type domain.Ride

[2025-04-01 17:49:18 #5 type] 
Type domain.Ride is not enhanced.

[2025-04-01 17:49:18 #6 type.registry] 
New type domain.Passenger

[2025-04-01 17:49:18 #7 type.registry] 
New type domain.Passenger[]

[2025-04-01 17:49:18 #8 type] 
Type domain.Passenger is not enhanced.

[2025-04-01 17:49:18 #9 type.registry] 
New type domain.Tarjeta

[2025-04-01 17:49:18 #10 type.registry] 
New type java.lang.String[]

[2025-04-01 17:49:18 #11 type] 
Type domain.Tarjeta is not enhanced.

[2025-04-01 17:49:18 #12 type.registry] 
New type java.util.Vector<java.lang.Object>

[2025-04-01 17:49:18 #13 type.registry] 
New type java.util.Vector<domain.Ride>

[2025-04-01 17:49:24 #14 type.registry] 
New type domain.Credentials

[2025-04-01 17:49:24 #15 type] 
Type domain.Credentials is not enhanced.

------------------------------------------------------------------------------------------------------------------------

[2025-04-01 17:51:09 #1 store] 
Database 'C:\Users\pc\git\Rides\Rides24\src\main\resources\rides.temp' is opened by 18448@DESKTOP-58BBQEM

[2025-04-01 17:51:09 #2 type.registry] 
New type domain.Driver

[2025-04-01 17:51:09 #3 type] 
Type domain.Driver is not enhanced.

[2025-04-01 17:51:09 #4 type.registry] 
New type domain.Ride

[2025-04-01 17:51:09 #5 type] 
Type domain.Ride is not enhanced.

[2025-04-01 17:51:09 #6 type.registry] 
New type domain.Passenger

[2025-04-01 17:51:09 #7 type.registry] 
New type domain.Passenger[]

[2025-04-01 17:51:09 #8 type] 
Type domain.Passenger is not enhanced.

[2025-04-01 17:51:09 #9 type.registry] 
New type domain.Tarjeta

[2025-04-01 17:51:09 #10 type.registry] 
New type java.lang.String[]

[2025-04-01 17:51:09 #11 type] 
Type domain.Tarjeta is not enhanced.

[2025-04-01 17:51:09 #12 type.registry] 
New type java.util.Vector<java.lang.Object>

[2025-04-01 17:51:09 #13 type.registry] 
New type java.util.Vector<domain.Ride>

[2025-04-01 17:51:13 #14 type.registry] 
New type domain.Credentials

[2025-04-01 17:51:13 #15 type] 
Type domain.Credentials is not enhanced.

------------------------------------------------------------------------------------------------------------------------

[2025-04-01 17:53:51 #1 store] 
Database 'C:\Users\pc\git\Rides\Rides24\src\main\resources\rides.temp' is opened by 13196@DESKTOP-58BBQEM

[2025-04-01 17:53:52 #2 type.registry] 
New type domain.Driver

[2025-04-01 17:53:52 #3 type] 
Type domain.Driver is not enhanced.

[2025-04-01 17:53:52 #4 type.registry] 
New type domain.Ride

[2025-04-01 17:53:52 #5 type] 
Type domain.Ride is not enhanced.

[2025-04-01 17:53:52 #6 type.registry] 
New type domain.Passenger

[2025-04-01 17:53:52 #7 type.registry] 
New type domain.Passenger[]

[2025-04-01 17:53:52 #8 type] 
Type domain.Passenger is not enhanced.

[2025-04-01 17:53:52 #9 type.registry] 
New type domain.Tarjeta

[2025-04-01 17:53:52 #10 type.registry] 
New type java.lang.String[]

[2025-04-01 17:53:52 #11 type] 
Type domain.Tarjeta is not enhanced.

[2025-04-01 17:53:52 #12 type.registry] 
New type java.util.Vector<java.lang.Object>

[2025-04-01 17:53:52 #13 type.registry] 
New type java.util.Vector<domain.Ride>

[2025-04-01 17:53:56 #14 type.registry] 
New type domain.Credentials

[2025-04-01 17:53:56 #15 type] 
Type domain.Credentials is not enhanced.

------------------------------------------------------------------------------------------------------------------------

[2025-04-01 17:55:45 #1 store] 
Database 'C:\Users\pc\git\Rides\Rides24\src\main\resources\rides.temp' is opened by 23484@DESKTOP-58BBQEM

[2025-04-01 17:55:45 #2 type.registry] 
New type domain.Driver

[2025-04-01 17:55:45 #3 type] 
Type domain.Driver is not enhanced.

[2025-04-01 17:55:45 #4 type.registry] 
New type domain.Ride

[2025-04-01 17:55:45 #5 type] 
Type domain.Ride is not enhanced.

[2025-04-01 17:55:45 #6 type.registry] 
New type domain.Passenger

[2025-04-01 17:55:45 #7 type.registry] 
New type domain.Passenger[]

[2025-04-01 17:55:45 #8 type] 
Type domain.Passenger is not enhanced.

[2025-04-01 17:55:45 #9 type.registry] 
New type domain.Tarjeta

[2025-04-01 17:55:45 #10 type.registry] 
New type java.lang.String[]

[2025-04-01 17:55:45 #11 type] 
Type domain.Tarjeta is not enhanced.

[2025-04-01 17:55:45 #12 type.registry] 
New type java.util.Vector<java.lang.Object>

[2025-04-01 17:55:45 #13 type.registry] 
New type java.util.Vector<domain.Ride>

[2025-04-01 17:55:50 #14 type.registry] 
New type domain.Credentials

[2025-04-01 17:55:50 #15 type] 
Type domain.Credentials is not enhanced.

------------------------------------------------------------------------------------------------------------------------

[2025-04-01 17:56:53 #1 store] 
Database 'C:\Users\pc\git\Rides\Rides24\src\main\resources\rides.temp' is opened by 18848@DESKTOP-58BBQEM

[2025-04-01 17:56:54 #2 type.registry] 
New type domain.Driver

[2025-04-01 17:56:54 #3 type] 
Type domain.Driver is not enhanced.

[2025-04-01 17:56:54 #4 type.registry] 
New type domain.Ride

[2025-04-01 17:56:54 #5 type] 
Type domain.Ride is not enhanced.

[2025-04-01 17:56:54 #6 type.registry] 
New type domain.Passenger

[2025-04-01 17:56:54 #7 type.registry] 
New type domain.Passenger[]

[2025-04-01 17:56:54 #8 type] 
Type domain.Passenger is not enhanced.

[2025-04-01 17:56:54 #9 type.registry] 
New type domain.Tarjeta

[2025-04-01 17:56:54 #10 type.registry] 
New type java.lang.String[]

[2025-04-01 17:56:54 #11 type] 
Type domain.Tarjeta is not enhanced.

[2025-04-01 17:56:54 #12 type.registry] 
New type java.util.Vector<java.lang.Object>

[2025-04-01 17:56:54 #13 type.registry] 
New type java.util.Vector<domain.Ride>

[2025-04-01 17:56:59 #14 type.registry] 
New type domain.Credentials

[2025-04-01 17:56:59 #15 type] 
Type domain.Credentials is not enhanced.

------------------------------------------------------------------------------------------------------------------------

[2025-04-01 17:59:11 #1 store] 
Database 'C:\Users\pc\git\Rides\Rides24\src\main\resources\rides.temp' is opened by 24412@DESKTOP-58BBQEM

[2025-04-01 17:59:11 #2 type.registry] 
New type domain.Driver

[2025-04-01 17:59:11 #3 type] 
Type domain.Driver is not enhanced.

[2025-04-01 17:59:11 #4 type.registry] 
New type domain.Ride

[2025-04-01 17:59:11 #5 type] 
Type domain.Ride is not enhanced.

[2025-04-01 17:59:11 #6 type.registry] 
New type domain.Passenger

[2025-04-01 17:59:11 #7 type.registry] 
New type domain.Passenger[]

[2025-04-01 17:59:11 #8 type] 
Type domain.Passenger is not enhanced.

[2025-04-01 17:59:11 #9 type.registry] 
New type domain.Tarjeta

[2025-04-01 17:59:11 #10 type.registry] 
New type java.lang.String[]

[2025-04-01 17:59:11 #11 type] 
Type domain.Tarjeta is not enhanced.

[2025-04-01 17:59:11 #12 type.registry] 
New type java.util.Vector<java.lang.Object>

[2025-04-01 17:59:11 #13 type.registry] 
New type java.util.Vector<domain.Ride>

[2025-04-01 17:59:15 #14 type.registry] 
New type domain.Credentials

[2025-04-01 17:59:15 #15 type] 
Type domain.Credentials is not enhanced.

------------------------------------------------------------------------------------------------------------------------

[2025-04-01 18:02:14 #1 store] 
Database 'C:\Users\pc\git\Rides\Rides24\src\main\resources\rides.temp' is opened by 14808@DESKTOP-58BBQEM

[2025-04-01 18:02:14 #2 type.registry] 
New type domain.Driver

[2025-04-01 18:02:14 #3 type] 
Type domain.Driver is not enhanced.

[2025-04-01 18:02:14 #4 type.registry] 
New type domain.Ride

[2025-04-01 18:02:14 #5 type] 
Type domain.Ride is not enhanced.

[2025-04-01 18:02:14 #6 type.registry] 
New type domain.Passenger

[2025-04-01 18:02:14 #7 type.registry] 
New type domain.Passenger[]

[2025-04-01 18:02:14 #8 type] 
Type domain.Passenger is not enhanced.

[2025-04-01 18:02:14 #9 type.registry] 
New type domain.Tarjeta

[2025-04-01 18:02:14 #10 type.registry] 
New type java.lang.String[]

[2025-04-01 18:02:14 #11 type] 
Type domain.Tarjeta is not enhanced.

[2025-04-01 18:02:14 #12 type.registry] 
New type java.util.Vector<java.lang.Object>

[2025-04-01 18:02:14 #13 type.registry] 
New type java.util.Vector<domain.Ride>

[2025-04-01 18:02:19 #14 type.registry] 
New type domain.Credentials

[2025-04-01 18:02:19 #15 type] 
Type domain.Credentials is not enhanced.

------------------------------------------------------------------------------------------------------------------------

[2025-04-01 18:03:13 #1 store] 
Database 'C:\Users\pc\git\Rides\Rides24\src\main\resources\rides.temp' is opened by 27948@DESKTOP-58BBQEM

[2025-04-01 18:03:13 #2 type.registry] 
New type domain.Driver

[2025-04-01 18:03:13 #3 type] 
Type domain.Driver is not enhanced.

[2025-04-01 18:03:13 #4 type.registry] 
New type domain.Ride

[2025-04-01 18:03:13 #5 type] 
Type domain.Ride is not enhanced.

[2025-04-01 18:03:13 #6 type.registry] 
New type domain.Passenger

[2025-04-01 18:03:13 #7 type.registry] 
New type domain.Passenger[]

[2025-04-01 18:03:13 #8 type] 
Type domain.Passenger is not enhanced.

[2025-04-01 18:03:13 #9 type.registry] 
New type domain.Tarjeta

[2025-04-01 18:03:13 #10 type.registry] 
New type java.lang.String[]

[2025-04-01 18:03:13 #11 type] 
Type domain.Tarjeta is not enhanced.

[2025-04-01 18:03:13 #12 type.registry] 
New type java.util.Vector<java.lang.Object>

[2025-04-01 18:03:13 #13 type.registry] 
New type java.util.Vector<domain.Ride>

[2025-04-01 18:03:19 #14 type.registry] 
New type domain.Credentials

[2025-04-01 18:03:19 #15 type] 
Type domain.Credentials is not enhanced.

------------------------------------------------------------------------------------------------------------------------

[2025-04-01 18:09:53 #1 store] 
Database 'C:\Users\pc\git\Rides\Rides24\src\main\resources\rides.temp' is opened by 15656@DESKTOP-58BBQEM

[2025-04-01 18:09:53 #2 type.registry] 
New type domain.Driver

[2025-04-01 18:09:53 #3 type] 
Type domain.Driver is not enhanced.

[2025-04-01 18:09:53 #4 type.registry] 
New type domain.Ride

[2025-04-01 18:09:53 #5 type] 
Type domain.Ride is not enhanced.

[2025-04-01 18:09:53 #6 type.registry] 
New type domain.Passenger

[2025-04-01 18:09:53 #7 type.registry] 
New type domain.Passenger[]

[2025-04-01 18:09:53 #8 type] 
Type domain.Passenger is not enhanced.

[2025-04-01 18:09:53 #9 type.registry] 
New type domain.Tarjeta

[2025-04-01 18:09:53 #10 type.registry] 
New type java.lang.String[]

[2025-04-01 18:09:53 #11 type] 
Type domain.Tarjeta is not enhanced.

[2025-04-01 18:09:53 #12 type.registry] 
New type java.util.Vector<java.lang.Object>

[2025-04-01 18:09:53 #13 type.registry] 
New type java.util.Vector<domain.Ride>

[2025-04-01 18:09:57 #14 type.registry] 
New type domain.Credentials

[2025-04-01 18:09:57 #15 type] 
Type domain.Credentials is not enhanced.

------------------------------------------------------------------------------------------------------------------------

[2025-04-01 18:11:08 #1 store] 
Database 'C:\Users\pc\git\Rides\Rides24\src\main\resources\rides.temp' is opened by 2256@DESKTOP-58BBQEM

[2025-04-01 18:11:08 #2 type.registry] 
New type domain.Driver

[2025-04-01 18:11:08 #3 type] 
Type domain.Driver is not enhanced.

[2025-04-01 18:11:08 #4 type.registry] 
New type domain.Ride

[2025-04-01 18:11:08 #5 type] 
Type domain.Ride is not enhanced.

[2025-04-01 18:11:08 #6 type.registry] 
New type domain.Passenger

[2025-04-01 18:11:08 #7 type.registry] 
New type domain.Passenger[]

[2025-04-01 18:11:08 #8 type] 
Type domain.Passenger is not enhanced.

[2025-04-01 18:11:08 #9 type.registry] 
New type domain.Tarjeta

[2025-04-01 18:11:08 #10 type.registry] 
New type java.lang.String[]

[2025-04-01 18:11:08 #11 type] 
Type domain.Tarjeta is not enhanced.

[2025-04-01 18:11:08 #12 type.registry] 
New type java.util.Vector<java.lang.Object>

[2025-04-01 18:11:08 #13 type.registry] 
New type java.util.Vector<domain.Ride>

[2025-04-01 18:11:17 #14 type.registry] 
New type domain.Credentials

[2025-04-01 18:11:17 #15 type] 
Type domain.Credentials is not enhanced.

------------------------------------------------------------------------------------------------------------------------

[2025-04-01 18:14:45 #1 store] 
Database 'C:\Users\pc\git\Rides\Rides24\src\main\resources\rides.temp' is opened by 3900@DESKTOP-58BBQEM

[2025-04-01 18:14:46 #2 type.registry] 
New type domain.Driver

[2025-04-01 18:14:46 #3 type] 
Type domain.Driver is not enhanced.

[2025-04-01 18:14:46 #4 type.registry] 
New type domain.Ride

[2025-04-01 18:14:46 #5 type] 
Type domain.Ride is not enhanced.

[2025-04-01 18:14:46 #6 type.registry] 
New type domain.Passenger

[2025-04-01 18:14:46 #7 type.registry] 
New type domain.Passenger[]

[2025-04-01 18:14:46 #8 type] 
Type domain.Passenger is not enhanced.

[2025-04-01 18:14:46 #9 type.registry] 
New type domain.Tarjeta

[2025-04-01 18:14:46 #10 type.registry] 
New type java.lang.String[]

[2025-04-01 18:14:46 #11 type] 
Type domain.Tarjeta is not enhanced.

[2025-04-01 18:14:46 #12 type.registry] 
New type java.util.Vector<java.lang.Object>

[2025-04-01 18:14:46 #13 type.registry] 
New type java.util.Vector<domain.Ride>

[2025-04-01 18:14:51 #14 type.registry] 
New type domain.Credentials

[2025-04-01 18:14:51 #15 type] 
Type domain.Credentials is not enhanced.

------------------------------------------------------------------------------------------------------------------------

[2025-04-01 18:28:48 #1 store] 
Database 'C:\Users\pc\git\Rides\Rides24\src\main\resources\rides.temp' is opened by 11996@DESKTOP-58BBQEM

[2025-04-01 18:28:48 #2 type.registry] 
New type domain.Driver

[2025-04-01 18:28:48 #3 type] 
Type domain.Driver is not enhanced.

[2025-04-01 18:28:48 #4 type.registry] 
New type domain.Ride

[2025-04-01 18:28:48 #5 type] 
Type domain.Ride is not enhanced.

[2025-04-01 18:28:48 #6 type.registry] 
New type domain.Passenger

[2025-04-01 18:28:48 #7 type.registry] 
New type domain.Passenger[]

[2025-04-01 18:28:48 #8 type] 
Type domain.Passenger is not enhanced.

[2025-04-01 18:28:48 #9 type.registry] 
New type domain.Tarjeta

[2025-04-01 18:28:48 #10 type.registry] 
New type java.lang.String[]

[2025-04-01 18:28:48 #11 type] 
Type domain.Tarjeta is not enhanced.

[2025-04-01 18:28:48 #12 type.registry] 
New type java.util.Vector<java.lang.Object>

[2025-04-01 18:28:48 #13 type.registry] 
New type java.util.Vector<domain.Ride>

[2025-04-01 18:28:52 #14 type.registry] 
New type domain.Credentials

[2025-04-01 18:28:52 #15 type] 
Type domain.Credentials is not enhanced.

------------------------------------------------------------------------------------------------------------------------

[2025-04-01 18:37:19 #1 store] 
Database 'C:\Users\pc\git\Rides\Rides24\src\main\resources\rides.temp' is opened by 18116@DESKTOP-58BBQEM

[2025-04-01 18:37:19 #2 type.registry] 
New type domain.Driver

[2025-04-01 18:37:19 #3 type] 
Type domain.Driver is not enhanced.

[2025-04-01 18:37:19 #4 type.registry] 
New type domain.Ride

[2025-04-01 18:37:19 #5 type] 
Type domain.Ride is not enhanced.

[2025-04-01 18:37:19 #6 type.registry] 
New type domain.Passenger

[2025-04-01 18:37:19 #7 type.registry] 
New type domain.Passenger[]

[2025-04-01 18:37:19 #8 type] 
Type domain.Passenger is not enhanced.

[2025-04-01 18:37:19 #9 type.registry] 
New type domain.Tarjeta

[2025-04-01 18:37:19 #10 type.registry] 
New type java.lang.String[]

[2025-04-01 18:37:19 #11 type] 
Type domain.Tarjeta is not enhanced.

[2025-04-01 18:37:19 #12 type.registry] 
New type java.util.Vector<java.lang.Object>

[2025-04-01 18:37:19 #13 type.registry] 
New type java.util.Vector<domain.Ride>

[2025-04-01 18:37:24 #14 type.registry] 
New type domain.Credentials

[2025-04-01 18:37:24 #15 type] 
Type domain.Credentials is not enhanced.

------------------------------------------------------------------------------------------------------------------------

[2025-04-01 18:42:08 #1 store] 
Database 'C:\Users\pc\git\Rides\Rides24\src\main\resources\rides.temp' is opened by 25692@DESKTOP-58BBQEM

[2025-04-01 18:42:09 #2 type.registry] 
New type domain.Driver

[2025-04-01 18:42:09 #3 type] 
Type domain.Driver is not enhanced.

[2025-04-01 18:42:09 #4 type.registry] 
New type domain.Ride

[2025-04-01 18:42:09 #5 type] 
Type domain.Ride is not enhanced.

[2025-04-01 18:42:09 #6 type.registry] 
New type domain.Passenger

[2025-04-01 18:42:09 #7 type.registry] 
New type domain.Passenger[]

[2025-04-01 18:42:09 #8 type] 
Type domain.Passenger is not enhanced.

[2025-04-01 18:42:09 #9 type.registry] 
New type domain.Tarjeta

[2025-04-01 18:42:09 #10 type.registry] 
New type java.lang.String[]

[2025-04-01 18:42:09 #11 type] 
Type domain.Tarjeta is not enhanced.

[2025-04-01 18:42:09 #12 type.registry] 
New type java.util.Vector<java.lang.Object>

[2025-04-01 18:42:09 #13 type.registry] 
New type java.util.Vector<domain.Ride>

[2025-04-01 18:42:59 #14 type.registry] 
New type domain.Credentials

[2025-04-01 18:42:59 #15 type] 
Type domain.Credentials is not enhanced.

------------------------------------------------------------------------------------------------------------------------

[2025-04-01 19:03:37 #1 store] 
Database 'C:\Users\pc\git\Rides\Rides24\src\main\resources\rides.temp' is opened by 27652@DESKTOP-58BBQEM

[2025-04-01 19:03:37 #2 type.registry] 
New type domain.Driver

[2025-04-01 19:03:37 #3 type] 
Type domain.Driver is not enhanced.

[2025-04-01 19:03:37 #4 type.registry] 
New type domain.Ride

[2025-04-01 19:03:37 #5 type] 
Type domain.Ride is not enhanced.

[2025-04-01 19:03:37 #6 type.registry] 
New type domain.Passenger

[2025-04-01 19:03:37 #7 type.registry] 
New type domain.Passenger[]

[2025-04-01 19:03:37 #8 type] 
Type domain.Passenger is not enhanced.

[2025-04-01 19:03:37 #9 type.registry] 
New type domain.Tarjeta

[2025-04-01 19:03:37 #10 type.registry] 
New type java.lang.String[]

[2025-04-01 19:03:37 #11 type] 
Type domain.Tarjeta is not enhanced.

[2025-04-01 19:03:37 #12 type.registry] 
New type java.util.Vector<java.lang.Object>

[2025-04-01 19:03:37 #13 type.registry] 
New type java.util.Vector<domain.Ride>

[2025-04-01 19:03:42 #14 type.registry] 
New type domain.Credentials

[2025-04-01 19:03:42 #15 type] 
Type domain.Credentials is not enhanced.

------------------------------------------------------------------------------------------------------------------------

[2025-04-01 19:08:50 #1 store] 
Database 'C:\Users\pc\git\Rides\Rides24\src\main\resources\rides.temp' is opened by 13372@DESKTOP-58BBQEM

[2025-04-01 19:08:50 #2 type.registry] 
New type domain.Driver

[2025-04-01 19:08:50 #3 type] 
Type domain.Driver is not enhanced.

[2025-04-01 19:08:50 #4 type.registry] 
New type domain.Ride

[2025-04-01 19:08:50 #5 type] 
Type domain.Ride is not enhanced.

[2025-04-01 19:08:50 #6 type.registry] 
New type domain.Passenger

[2025-04-01 19:08:50 #7 type.registry] 
New type domain.Passenger[]

[2025-04-01 19:08:50 #8 type] 
Type domain.Passenger is not enhanced.

[2025-04-01 19:08:50 #9 type.registry] 
New type domain.Tarjeta

[2025-04-01 19:08:50 #10 type.registry] 
New type java.lang.String[]

[2025-04-01 19:08:50 #11 type] 
Type domain.Tarjeta is not enhanced.

[2025-04-01 19:08:50 #12 type.registry] 
New type java.util.Vector<java.lang.Object>

[2025-04-01 19:08:50 #13 type.registry] 
New type java.util.Vector<domain.Ride>

[2025-04-01 19:08:54 #14 type.registry] 
New type domain.Credentials

[2025-04-01 19:08:54 #15 type] 
Type domain.Credentials is not enhanced.

------------------------------------------------------------------------------------------------------------------------

[2025-04-01 19:09:55 #1 store] 
Database 'C:\Users\pc\git\Rides\Rides24\src\main\resources\rides.temp' is opened by 23272@DESKTOP-58BBQEM

[2025-04-01 19:09:56 #2 type.registry] 
New type domain.Driver

[2025-04-01 19:09:56 #3 type] 
Type domain.Driver is not enhanced.

[2025-04-01 19:09:56 #4 type.registry] 
New type domain.Ride

[2025-04-01 19:09:56 #5 type] 
Type domain.Ride is not enhanced.

[2025-04-01 19:09:56 #6 type.registry] 
New type domain.Passenger

[2025-04-01 19:09:56 #7 type.registry] 
New type domain.Passenger[]

[2025-04-01 19:09:56 #8 type] 
Type domain.Passenger is not enhanced.

[2025-04-01 19:09:56 #9 type.registry] 
New type domain.Tarjeta

[2025-04-01 19:09:56 #10 type.registry] 
New type java.lang.String[]

[2025-04-01 19:09:56 #11 type] 
Type domain.Tarjeta is not enhanced.

[2025-04-01 19:09:56 #12 type.registry] 
New type java.util.Vector<java.lang.Object>

[2025-04-01 19:09:56 #13 type.registry] 
New type java.util.Vector<domain.Ride>

[2025-04-01 19:10:28 #14 type.registry] 
New type domain.Credentials

[2025-04-01 19:10:28 #15 type] 
Type domain.Credentials is not enhanced.

------------------------------------------------------------------------------------------------------------------------

[2025-04-01 19:13:37 #1 store] 
Database 'C:\Users\pc\git\Rides\Rides24\src\main\resources\rides.temp' is opened by 9460@DESKTOP-58BBQEM

[2025-04-01 19:13:37 #2 type.registry] 
New type domain.Driver

[2025-04-01 19:13:37 #3 type] 
Type domain.Driver is not enhanced.

[2025-04-01 19:13:37 #4 type.registry] 
New type domain.Ride

[2025-04-01 19:13:37 #5 type] 
Type domain.Ride is not enhanced.

[2025-04-01 19:13:37 #6 type.registry] 
New type domain.Passenger

[2025-04-01 19:13:37 #7 type.registry] 
New type domain.Passenger[]

[2025-04-01 19:13:37 #8 type] 
Type domain.Passenger is not enhanced.

[2025-04-01 19:13:37 #9 type.registry] 
New type domain.Tarjeta

[2025-04-01 19:13:37 #10 type.registry] 
New type java.lang.String[]

[2025-04-01 19:13:37 #11 type] 
Type domain.Tarjeta is not enhanced.

[2025-04-01 19:13:37 #12 type.registry] 
New type java.util.Vector<java.lang.Object>

[2025-04-01 19:13:37 #13 type.registry] 
New type java.util.Vector<domain.Ride>

[2025-04-01 19:14:41 #14 type.registry] 
New type domain.Credentials

[2025-04-01 19:14:41 #15 type] 
Type domain.Credentials is not enhanced.

------------------------------------------------------------------------------------------------------------------------

[2025-04-01 19:16:20 #1 store] 
Database 'C:\Users\pc\git\Rides\Rides24\src\main\resources\rides.temp' is opened by 3352@DESKTOP-58BBQEM

[2025-04-01 19:16:20 #2 type.registry] 
New type domain.Driver

[2025-04-01 19:16:20 #3 type] 
Type domain.Driver is not enhanced.

[2025-04-01 19:16:20 #4 type.registry] 
New type domain.Ride

[2025-04-01 19:16:20 #5 type] 
Type domain.Ride is not enhanced.

[2025-04-01 19:16:20 #6 type.registry] 
New type domain.Passenger

[2025-04-01 19:16:20 #7 type.registry] 
New type domain.Passenger[]

[2025-04-01 19:16:20 #8 type] 
Type domain.Passenger is not enhanced.

[2025-04-01 19:16:20 #9 type.registry] 
New type domain.Tarjeta

[2025-04-01 19:16:20 #10 type.registry] 
New type java.lang.String[]

[2025-04-01 19:16:20 #11 type] 
Type domain.Tarjeta is not enhanced.

[2025-04-01 19:16:20 #12 type.registry] 
New type java.util.Vector<java.lang.Object>

[2025-04-01 19:16:20 #13 type.registry] 
New type java.util.Vector<domain.Ride>

[2025-04-01 19:16:24 #14 type.registry] 
New type domain.Credentials

[2025-04-01 19:16:24 #15 type] 
Type domain.Credentials is not enhanced.

------------------------------------------------------------------------------------------------------------------------

[2025-04-01 19:16:43 #1 store] 
Database 'C:\Users\pc\git\Rides\Rides24\src\main\resources\rides.temp' is opened by 17356@DESKTOP-58BBQEM

[2025-04-01 19:16:43 #2 type.registry] 
New type domain.Driver

[2025-04-01 19:16:43 #3 type] 
Type domain.Driver is not enhanced.

[2025-04-01 19:16:43 #4 type.registry] 
New type domain.Ride

[2025-04-01 19:16:43 #5 type] 
Type domain.Ride is not enhanced.

[2025-04-01 19:16:43 #6 type.registry] 
New type domain.Passenger

[2025-04-01 19:16:43 #7 type.registry] 
New type domain.Passenger[]

[2025-04-01 19:16:43 #8 type] 
Type domain.Passenger is not enhanced.

[2025-04-01 19:16:43 #9 type.registry] 
New type domain.Tarjeta

[2025-04-01 19:16:43 #10 type.registry] 
New type java.lang.String[]

[2025-04-01 19:16:43 #11 type] 
Type domain.Tarjeta is not enhanced.

[2025-04-01 19:16:43 #12 type.registry] 
New type java.util.Vector<java.lang.Object>

[2025-04-01 19:16:43 #13 type.registry] 
New type java.util.Vector<domain.Ride>

[2025-04-01 19:16:50 #14 type.registry] 
New type domain.Credentials

[2025-04-01 19:16:50 #15 type] 
Type domain.Credentials is not enhanced.

------------------------------------------------------------------------------------------------------------------------

[2025-04-01 19:19:27 #1 store] 
Database 'C:\Users\pc\git\Rides\Rides24\src\main\resources\rides.temp' is opened by 2792@DESKTOP-58BBQEM

[2025-04-01 19:19:27 #2 type.registry] 
New type domain.Driver

[2025-04-01 19:19:27 #3 type] 
Type domain.Driver is not enhanced.

[2025-04-01 19:19:27 #4 type.registry] 
New type domain.Ride

[2025-04-01 19:19:27 #5 type] 
Type domain.Ride is not enhanced.

[2025-04-01 19:19:27 #6 type.registry] 
New type domain.Passenger

[2025-04-01 19:19:27 #7 type.registry] 
New type domain.Passenger[]

[2025-04-01 19:19:27 #8 type] 
Type domain.Passenger is not enhanced.

[2025-04-01 19:19:27 #9 type.registry] 
New type domain.Tarjeta

[2025-04-01 19:19:27 #10 type.registry] 
New type java.lang.String[]

[2025-04-01 19:19:27 #11 type] 
Type domain.Tarjeta is not enhanced.

[2025-04-01 19:19:28 #12 type.registry] 
New type java.util.Vector<java.lang.Object>

[2025-04-01 19:19:28 #13 type.registry] 
New type java.util.Vector<domain.Ride>

[2025-04-01 19:19:32 #14 type.registry] 
New type domain.Credentials

[2025-04-01 19:19:32 #15 type] 
Type domain.Credentials is not enhanced.

------------------------------------------------------------------------------------------------------------------------

[2025-04-01 19:21:44 #1 store] 
Database 'C:\Users\pc\git\Rides\Rides24\src\main\resources\rides.temp' is opened by 26672@DESKTOP-58BBQEM

[2025-04-01 19:21:44 #2 type.registry] 
New type domain.Driver

[2025-04-01 19:21:44 #3 type] 
Type domain.Driver is not enhanced.

[2025-04-01 19:21:44 #4 type.registry] 
New type domain.Ride

[2025-04-01 19:21:44 #5 type] 
Type domain.Ride is not enhanced.

[2025-04-01 19:21:44 #6 type.registry] 
New type domain.Passenger

[2025-04-01 19:21:44 #7 type.registry] 
New type domain.Passenger[]

[2025-04-01 19:21:44 #8 type] 
Type domain.Passenger is not enhanced.

[2025-04-01 19:21:44 #9 type.registry] 
New type domain.Tarjeta

[2025-04-01 19:21:44 #10 type.registry] 
New type java.lang.String[]

[2025-04-01 19:21:44 #11 type] 
Type domain.Tarjeta is not enhanced.

[2025-04-01 19:21:44 #12 type.registry] 
New type java.util.Vector<java.lang.Object>

[2025-04-01 19:21:44 #13 type.registry] 
New type java.util.Vector<domain.Ride>

[2025-04-01 19:21:48 #14 type.registry] 
New type domain.Credentials

[2025-04-01 19:21:48 #15 type] 
Type domain.Credentials is not enhanced.

------------------------------------------------------------------------------------------------------------------------

[2025-04-01 19:25:58 #1 store] 
Database 'C:\Users\pc\git\Rides\Rides24\src\main\resources\rides.temp' is opened by 24252@DESKTOP-58BBQEM

[2025-04-01 19:25:58 #2 type.registry] 
New type domain.Driver

[2025-04-01 19:25:58 #3 type] 
Type domain.Driver is not enhanced.

[2025-04-01 19:25:58 #4 type.registry] 
New type domain.Ride

[2025-04-01 19:25:58 #5 type] 
Type domain.Ride is not enhanced.

[2025-04-01 19:25:58 #6 type.registry] 
New type domain.Passenger

[2025-04-01 19:25:58 #7 type.registry] 
New type domain.Passenger[]

[2025-04-01 19:25:58 #8 type] 
Type domain.Passenger is not enhanced.

[2025-04-01 19:25:58 #9 type.registry] 
New type domain.Tarjeta

[2025-04-01 19:25:58 #10 type.registry] 
New type java.lang.String[]

[2025-04-01 19:25:58 #11 type] 
Type domain.Tarjeta is not enhanced.

[2025-04-01 19:25:58 #12 type.registry] 
New type java.util.Vector<java.lang.Object>

[2025-04-01 19:25:58 #13 type.registry] 
New type java.util.Vector<domain.Ride>

[2025-04-01 19:26:02 #14 type.registry] 
New type domain.Credentials

[2025-04-01 19:26:02 #15 type] 
Type domain.Credentials is not enhanced.

------------------------------------------------------------------------------------------------------------------------

[2025-04-01 19:26:52 #1 store] 
Database 'C:\Users\pc\git\Rides\Rides24\src\main\resources\rides.temp' is opened by 9560@DESKTOP-58BBQEM

[2025-04-01 19:26:52 #2 type.registry] 
New type domain.Driver

[2025-04-01 19:26:52 #3 type] 
Type domain.Driver is not enhanced.

[2025-04-01 19:26:52 #4 type.registry] 
New type domain.Ride

[2025-04-01 19:26:52 #5 type] 
Type domain.Ride is not enhanced.

[2025-04-01 19:26:52 #6 type.registry] 
New type domain.Passenger

[2025-04-01 19:26:52 #7 type.registry] 
New type domain.Passenger[]

[2025-04-01 19:26:52 #8 type] 
Type domain.Passenger is not enhanced.

[2025-04-01 19:26:52 #9 type.registry] 
New type domain.Tarjeta

[2025-04-01 19:26:52 #10 type.registry] 
New type java.lang.String[]

[2025-04-01 19:26:52 #11 type] 
Type domain.Tarjeta is not enhanced.

[2025-04-01 19:26:52 #12 type.registry] 
New type java.util.Vector<java.lang.Object>

[2025-04-01 19:26:52 #13 type.registry] 
New type java.util.Vector<domain.Ride>

[2025-04-01 19:26:58 #14 type.registry] 
New type domain.Credentials

[2025-04-01 19:26:58 #15 type] 
Type domain.Credentials is not enhanced.

------------------------------------------------------------------------------------------------------------------------

[2025-04-01 19:28:08 #1 store] 
Database 'C:\Users\pc\git\Rides\Rides24\src\main\resources\rides.temp' is opened by 21196@DESKTOP-58BBQEM

[2025-04-01 19:28:08 #2 type.registry] 
New type domain.Driver

[2025-04-01 19:28:08 #3 type] 
Type domain.Driver is not enhanced.

[2025-04-01 19:28:08 #4 type.registry] 
New type domain.Ride

[2025-04-01 19:28:09 #5 type] 
Type domain.Ride is not enhanced.

[2025-04-01 19:28:09 #6 type.registry] 
New type domain.Passenger

[2025-04-01 19:28:09 #7 type.registry] 
New type domain.Passenger[]

[2025-04-01 19:28:09 #8 type] 
Type domain.Passenger is not enhanced.

[2025-04-01 19:28:09 #9 type.registry] 
New type domain.Tarjeta

[2025-04-01 19:28:09 #10 type.registry] 
New type java.lang.String[]

[2025-04-01 19:28:09 #11 type] 
Type domain.Tarjeta is not enhanced.

[2025-04-01 19:28:09 #12 type.registry] 
New type java.util.Vector<java.lang.Object>

[2025-04-01 19:28:09 #13 type.registry] 
New type java.util.Vector<domain.Ride>

[2025-04-01 19:28:18 #14 type.registry] 
New type domain.Credentials

[2025-04-01 19:28:18 #15 type] 
Type domain.Credentials is not enhanced.

------------------------------------------------------------------------------------------------------------------------

[2025-04-01 19:31:27 #1 store] 
Database 'C:\Users\pc\git\Rides\Rides24\src\main\resources\rides.temp' is opened by 4544@DESKTOP-58BBQEM

[2025-04-01 19:31:27 #2 type.registry] 
New type domain.Driver

[2025-04-01 19:31:27 #3 type] 
Type domain.Driver is not enhanced.

[2025-04-01 19:31:27 #4 type.registry] 
New type domain.Ride

[2025-04-01 19:31:27 #5 type] 
Type domain.Ride is not enhanced.

[2025-04-01 19:31:27 #6 type.registry] 
New type domain.Passenger

[2025-04-01 19:31:27 #7 type.registry] 
New type domain.Passenger[]

[2025-04-01 19:31:27 #8 type] 
Type domain.Passenger is not enhanced.

[2025-04-01 19:31:27 #9 type.registry] 
New type domain.Tarjeta

[2025-04-01 19:31:27 #10 type.registry] 
New type java.lang.String[]

[2025-04-01 19:31:27 #11 type] 
Type domain.Tarjeta is not enhanced.

[2025-04-01 19:31:27 #12 type.registry] 
New type java.util.Vector<java.lang.Object>

[2025-04-01 19:31:27 #13 type.registry] 
New type java.util.Vector<domain.Ride>

[2025-04-01 19:31:37 #14 type.registry] 
New type domain.Credentials

[2025-04-01 19:31:37 #15 type] 
Type domain.Credentials is not enhanced.

