------------------------------------------------------------------------------------------------------------------------

[2025-04-02 00:18:55 #1 store] 
Database 'C:\UPV\Segundo\2.IS-1\gitrepo\Rides24\src\main\resources\rides.temp' is opened by 23380@DESKTOP-B08AB6F

[2025-04-02 00:18:55 #2 type.registry] 
New type domain.Driver

[2025-04-02 00:18:55 #3 type] 
Type domain.Driver is not enhanced.

[2025-04-02 00:18:55 #4 type.registry] 
New type domain.Ride

[2025-04-02 00:18:55 #5 type] 
Type domain.Ride is not enhanced.

[2025-04-02 00:18:55 #6 type.registry] 
New type boolean[]

[2025-04-02 00:18:55 #7 type.registry] 
New type domain.Passenger

[2025-04-02 00:18:55 #8 type.registry] 
New type domain.Passenger[]

[2025-04-02 00:18:55 #9 type] 
Type domain.Passenger is not enhanced.

[2025-04-02 00:18:55 #10 type.registry] 
New type java.lang.String[]

[2025-04-02 00:18:55 #11 type.registry] 
New type java.util.Vector<java.lang.Object>

[2025-04-02 00:18:55 #12 type.registry] 
New type java.util.Vector<domain.Ride>

------------------------------------------------------------------------------------------------------------------------

[2025-04-02 00:19:19 #1 store] 
Database 'C:\UPV\Segundo\2.IS-1\gitrepo\Rides24\src\main\resources\rides.temp' has been recovered (tr. 1-6)

[2025-04-02 00:19:19 #2 store] 
Database 'C:\UPV\Segundo\2.IS-1\gitrepo\Rides24\src\main\resources\rides.temp' is opened by 8720@DESKTOP-B08AB6F

[2025-04-02 00:19:19 #3 type] 
Type domain.Driver is not enhanced.

[2025-04-02 00:19:19 #4 type] 
Type domain.Ride is not enhanced.

[2025-04-02 00:19:19 #5 type] 
Type domain.Passenger is not enhanced.

[2025-04-02 00:19:26 #6 type.registry] 
New type domain.Credentials

[2025-04-02 00:19:26 #7 type] 
Type domain.Credentials is not enhanced.

------------------------------------------------------------------------------------------------------------------------

[2025-04-02 00:22:36 #1 store] 
Database 'C:\UPV\Segundo\2.IS-1\gitrepo\Rides24\src\main\resources\rides.temp' is opened by 19148@DESKTOP-B08AB6F

[2025-04-02 00:22:36 #2 type] 
Type domain.Driver is not enhanced.

[2025-04-02 00:22:36 #3 type] 
Type domain.Ride is not enhanced.

[2025-04-02 00:22:36 #4 type] 
Type domain.Passenger is not enhanced.

[2025-04-02 00:22:36 #5 type] 
Type domain.Credentials is not enhanced.

------------------------------------------------------------------------------------------------------------------------

[2025-04-02 00:30:08 #1 store] 
Database 'C:\UPV\Segundo\2.IS-1\gitrepo\Rides24\src\main\resources\rides.temp' has been recovered (tr. 11-12)

[2025-04-02 00:30:08 #2 store] 
Database 'C:\UPV\Segundo\2.IS-1\gitrepo\Rides24\src\main\resources\rides.temp' is opened by 19596@DESKTOP-B08AB6F

[2025-04-02 00:30:08 #3 type] 
Type domain.Driver is not enhanced.

[2025-04-02 00:30:08 #4 type] 
Type domain.Ride is not enhanced.

[2025-04-02 00:30:08 #5 type] 
Type domain.Passenger is not enhanced.

[2025-04-02 00:30:08 #6 type] 
Type domain.Credentials is not enhanced.

------------------------------------------------------------------------------------------------------------------------

[2025-04-02 00:30:38 #1 store] 
Database 'C:\UPV\Segundo\2.IS-1\gitrepo\Rides24\src\main\resources\rides.temp' has been recovered (tr. 13-13)

[2025-04-02 00:30:38 #2 store] 
Database 'C:\UPV\Segundo\2.IS-1\gitrepo\Rides24\src\main\resources\rides.temp' is opened by 23328@DESKTOP-B08AB6F

[2025-04-02 00:30:38 #3 type] 
Type domain.Driver is not enhanced.

[2025-04-02 00:30:38 #4 type] 
Type domain.Ride is not enhanced.

[2025-04-02 00:30:38 #5 type] 
Type domain.Passenger is not enhanced.

[2025-04-02 00:30:38 #6 type] 
Type domain.Credentials is not enhanced.

------------------------------------------------------------------------------------------------------------------------

[2025-04-02 14:08:23 #1 store] 
Database 'C:\UPV\Segundo\2.IS-1\gitrepo\Rides24\src\main\resources\rides.temp' is opened by 11072@DESKTOP-B08AB6F

[2025-04-02 14:08:23 #2 type] 
Type domain.Driver is not enhanced.

[2025-04-02 14:08:23 #3 type] 
Type domain.Ride is not enhanced.

[2025-04-02 14:08:23 #4 type] 
Type domain.Passenger is not enhanced.

[2025-04-02 14:08:23 #5 type] 
Type domain.Credentials is not enhanced.

------------------------------------------------------------------------------------------------------------------------

[2025-04-02 16:17:26 #1 store] 
Database 'C:\UPV\Segundo\2.IS-1\gitrepo\Rides24\src\main\resources\rides.temp' is opened by 3720@DESKTOP-B08AB6F

[2025-04-02 16:17:26 #2 type] 
Type domain.Driver is not enhanced.

[2025-04-02 16:17:26 #3 type] 
Type domain.Ride is not enhanced.

[2025-04-02 16:17:26 #4 type] 
Type domain.Passenger is not enhanced.

[2025-04-02 16:17:26 #5 type] 
Type domain.Credentials is not enhanced.

------------------------------------------------------------------------------------------------------------------------

[2025-04-02 16:18:06 #1 store] 
Database 'C:\UPV\Segundo\2.IS-1\gitrepo\Rides24\src\main\resources\rides.temp' is opened by 18408@DESKTOP-B08AB6F

[2025-04-02 16:18:06 #2 type] 
Type domain.Driver is not enhanced.

[2025-04-02 16:18:06 #3 type] 
Type domain.Ride is not enhanced.

[2025-04-02 16:18:06 #4 type] 
Type domain.Passenger is not enhanced.

[2025-04-02 16:18:06 #5 type] 
Type domain.Credentials is not enhanced.

------------------------------------------------------------------------------------------------------------------------

[2025-04-02 16:46:10 #1 store] 
Database 'C:\UPV\Segundo\2.IS-1\gitrepo\Rides24\src\main\resources\rides.temp' is opened by 3464@DESKTOP-B08AB6F

[2025-04-02 16:46:10 #2 type] 
Type domain.Driver is not enhanced.

[2025-04-02 16:46:10 #3 type] 
Type domain.Ride is not enhanced.

[2025-04-02 16:46:10 #4 type] 
Type domain.Passenger is not enhanced.

[2025-04-02 16:46:10 #5 type] 
Type domain.Credentials is not enhanced.

